digraph G {
title [shape=none label=AP1 fontsize=30];
node [shape=record];
"node" [
label =<<TABLE BORDER="1" CELLBORDER="1" CELLSPACING="0">
<tr>
<td><B>Iteración</B></td>
<td><B>Pila</B></td>
<td><B>Entrada</B></td>
<td><B>Transición</B></td>
</tr>
<tr>
<td>0</td>
<td></td>
<td></td>
<td>I,$,$;A,#</td>
</tr>
<tr>
<td>1</td>
<td>#</td>
<td>a</td>
<td>A,a,$;B,a</td>
</tr>
<tr>
<td>2</td>
<td>a#</td>
<td>aa</td>
<td>B,a,$;B,a</td>
</tr>
<tr>
<td>3</td>
<td>aa#</td>
<td>aaa</td>
<td>B,a,$;B,a</td>
</tr>
<tr>
<td>4</td>
<td>aaa#</td>
<td>aaaa</td>
<td>B,a,$;B,a</td>
</tr>
<tr>
<td>5</td>
<td>aaaa#</td>
<td>aaaab</td>
<td>B,b,a;C,$</td>
</tr>
<tr>
<td>6</td>
<td>aaa#</td>
<td>aaaabb</td>
<td>C,b,a;C,$</td>
</tr>
<tr>
<td>7</td>
<td>aa#</td>
<td>aaaabbb</td>
<td>C,b,a;C,$</td>
</tr>
<tr>
<td>8</td>
<td>a#</td>
<td>aaaabbbb</td>
<td>C,b,a;C,$</td>
</tr>
<tr>
<td>9</td>
<td>#</td>
<td>aaaabbbb</td>
<td>C,$,#;F,$</td>
</tr>
<tr>
<td>10</td>
<td></td>
<td>aaaabbbb</td>
<td></td>
</tr>
</TABLE>>
shape="none"
];
title -> "node" [color=none];
}